生成启动时间为 2024/10/12 21:06:50。
     1>项目“D:\VisualStudio2013\VisualStudio2013\Project\BodyBendCount\feature points extraction图形界面勿动\feature points extraction\feature points extraction.vcxproj”在节点 2 上(Build 个目标)。
     1>C:\Program Files (x86)\MSBuild\Microsoft.Cpp\v4.0\V120\Microsoft.CppBuild.targets(388,5): warning MSB8028: The intermediate directory (.\tmp\) contains files shared from another project (特定feature points extraction.vcxproj).  This can lead to incorrect clean and rebuild behavior.
     1>ClCompile:
         D:\VisualStudio2013\VisualStudio2013\VC\bin\CL.exe /c /Iinc /Iinc\opencv /Iinc\opencv2 /Zi /nologo /W3 /WX- /sdl /O2 /Oi /Oy- /D WIN32 /D NDEBUG /D _CONSOLE /D _LIB /D _UNICODE /D UNICODE /Gm- /EHsc /MD /GS /Gy /fp:precise /Zc:wchar_t /Zc:forScope /Yu"stdafx.h" /Fp".\tmp\feature points extraction.pch" /Fo".\tmp\\" /Fd".\tmp\vc120.pdb" /FR".\tmp\\" /Gd /TP /analyze- /errorReport:prompt "feature points extraction.cpp"
         feature points extraction.cpp
     1>D:\VisualStudio2013\VisualStudio2013\Project\BodyBendCount\feature points extraction图形界面勿动\feature points extraction\inc\opencv2/core/mat.hpp(1965): warning C4819: 该文件包含不能在当前代码页(936)中表示的字符。请将该文件保存为 Unicode 格式以防止数据丢失
     1>D:\VisualStudio2013\VisualStudio2013\Project\BodyBendCount\feature points extraction图形界面勿动\feature points extraction\inc\opencv2/core/persistence.hpp : warning C4819: 该文件包含不能在当前代码页(936)中表示的字符。请将该文件保存为 Unicode 格式以防止数据丢失
     1>D:\VisualStudio2013\VisualStudio2013\Project\BodyBendCount\feature points extraction图形界面勿动\feature points extraction\inc\opencv2/core/utility.hpp : warning C4819: 该文件包含不能在当前代码页(936)中表示的字符。请将该文件保存为 Unicode 格式以防止数据丢失
     1>feature points extraction.cpp(73): warning C4244: “参数”: 从“int”转换到“float”，可能丢失数据
     1>feature points extraction.cpp(145): warning C4244: “参数”: 从“float”转换到“int”，可能丢失数据
     1>feature points extraction.cpp(161): warning C4244: “参数”: 从“float”转换到“int”，可能丢失数据
     1>feature points extraction.cpp(182): warning C4244: “参数”: 从“float”转换到“int”，可能丢失数据
     1>feature points extraction.cpp(201): warning C4018: “<”: 有符号/无符号不匹配
     1>feature points extraction.cpp(306): warning C4244: “初始化”: 从“double”转换到“int”，可能丢失数据
     1>feature points extraction.cpp(310): warning C4018: “<”: 有符号/无符号不匹配
     1>feature points extraction.cpp(312): warning C4018: “<”: 有符号/无符号不匹配
     1>feature points extraction.cpp(321): warning C4018: “<”: 有符号/无符号不匹配
     1>feature points extraction.cpp(327): warning C4018: “<”: 有符号/无符号不匹配
     1>feature points extraction.cpp(335): warning C4018: “<”: 有符号/无符号不匹配
     1>feature points extraction.cpp(341): warning C4018: “<”: 有符号/无符号不匹配
     1>feature points extraction.cpp(348): warning C4244: “=”: 从“double”转换到“int”，可能丢失数据
     1>feature points extraction.cpp(372): warning C4018: “<=”: 有符号/无符号不匹配
     1>feature points extraction.cpp(373): warning C4018: “<=”: 有符号/无符号不匹配
     1>feature points extraction.cpp(438): warning C4305: “初始化”: 从“double”到“float”截断
     1>feature points extraction.cpp(444): warning C4244: “初始化”: 从“float”转换到“int”，可能丢失数据
     1>feature points extraction.cpp(444): warning C4018: “<”: 有符号/无符号不匹配
     1>feature points extraction.cpp(457): warning C4018: “<”: 有符号/无符号不匹配
     1>feature points extraction.cpp(468): warning C4018: “<”: 有符号/无符号不匹配
     1>feature points extraction.cpp(470): warning C4018: “>”: 有符号/无符号不匹配
     1>feature points extraction.cpp(505): warning C4018: “>”: 有符号/无符号不匹配
     1>feature points extraction.cpp(581): warning C4018: “<”: 有符号/无符号不匹配
     1>feature points extraction.cpp(587): warning C4018: “<”: 有符号/无符号不匹配
     1>feature points extraction.cpp(601): warning C4018: “<”: 有符号/无符号不匹配
     1>feature points extraction.cpp(618): warning C4018: “>”: 有符号/无符号不匹配
     1>feature points extraction.cpp(633): warning C4018: “>”: 有符号/无符号不匹配
     1>feature points extraction.cpp(646): warning C4018: “<”: 有符号/无符号不匹配
     1>feature points extraction.cpp(650): warning C4018: “<”: 有符号/无符号不匹配
     1>feature points extraction.cpp(654): warning C4018: “<”: 有符号/无符号不匹配
     1>feature points extraction.cpp(661): warning C4018: “<”: 有符号/无符号不匹配
     1>feature points extraction.cpp(663): warning C4018: “<”: 有符号/无符号不匹配
     1>feature points extraction.cpp(728): warning C4305: “初始化”: 从“double”到“float”截断
     1>feature points extraction.cpp(737): warning C4018: “<”: 有符号/无符号不匹配
     1>feature points extraction.cpp(742): warning C4018: “<”: 有符号/无符号不匹配
     1>feature points extraction.cpp(747): warning C4018: “<”: 有符号/无符号不匹配
     1>feature points extraction.cpp(836): warning C4018: “<”: 有符号/无符号不匹配
     1>feature points extraction.cpp(840): warning C4018: “<”: 有符号/无符号不匹配
     1>feature points extraction.cpp(847): warning C4244: “参数”: 从“double”转换到“int”，可能丢失数据
     1>feature points extraction.cpp(849): warning C4244: “参数”: 从“double”转换到“int”，可能丢失数据
     1>feature points extraction.cpp(852): warning C4244: “参数”: 从“double”转换到“int”，可能丢失数据
     1>feature points extraction.cpp(855): warning C4018: “<”: 有符号/无符号不匹配
     1>feature points extraction.cpp(860): warning C4244: “参数”: 从“double”转换到“int”，可能丢失数据
     1>feature points extraction.cpp(865): warning C4244: “参数”: 从“double”转换到“int”，可能丢失数据
     1>feature points extraction.cpp(870): warning C4244: “参数”: 从“double”转换到“int”，可能丢失数据
     1>feature points extraction.cpp(874): warning C4305: “初始化”: 从“double”到“float”截断
       Link:
         D:\VisualStudio2013\VisualStudio2013\VC\bin\link.exe /ERRORREPORT:PROMPT /OUT:"D:\VisualStudio2013\VisualStudio2013\Project\BodyBendCount\feature points extraction图形界面勿动\feature points extraction\\bin\feature points extraction.exe" /INCREMENTAL:NO /NOLOGO /LIBPATH:libs /LIBPATH:libs\opencv\x86\vc12 opencv_world300.lib kernel32.lib user32.lib gdi32.lib winspool.lib comdlg32.lib advapi32.lib shell32.lib ole32.lib oleaut32.lib uuid.lib odbc32.lib odbccp32.lib /MANIFEST /MANIFESTUAC:"level='asInvoker' uiAccess='false'" /manifest:embed /DEBUG /PDB:"D:\VisualStudio2013\VisualStudio2013\Project\BodyBendCount\feature points extraction图形界面勿动\feature points extraction\\bin\feature points extraction.pdb" /SUBSYSTEM:CONSOLE /OPT:REF /OPT:ICF /TLBID:1 /DYNAMICBASE /NXCOMPAT /IMPLIB:"D:\VisualStudio2013\VisualStudio2013\Project\BodyBendCount\feature points extraction图形界面勿动\feature points extraction\\bin\feature points extraction.lib" /MACHINE:X86 /SAFESEH .\tmp\stdafx.obj
         .\tmp\Timer.obj
         ".\tmp\feature points extraction.obj"
         .\tmp\WormTrack.obj
         feature points extraction.vcxproj -> D:\VisualStudio2013\VisualStudio2013\Project\BodyBendCount\feature points extraction图形界面勿动\feature points extraction\\bin\feature points extraction.exe
       BscMake:
         D:\VisualStudio2013\VisualStudio2013\VC\bin\bscmake.exe /nologo /o".\tmp\feature points extraction.bsc" /n .\tmp\stdafx.sbr .\tmp\Timer.sbr ".\tmp\feature points extraction.sbr" .\tmp\WormTrack.sbr
     1>已完成生成项目“D:\VisualStudio2013\VisualStudio2013\Project\BodyBendCount\feature points extraction图形界面勿动\feature points extraction\feature points extraction.vcxproj”(Build 个目标)的操作。

生成成功。

已用时间 00:00:06.40
